#
# A fatal error has been detected by the Java Runtime Environment:
#
#  SIGSEGV (0xb) at pc=0x0000000128a6245f, pid=4029, tid=0x0000000000013c0f
#
# JRE version: Java(TM) SE Runtime Environment (8.0_144-b01) (build 1.8.0_144-b01)
# Java VM: Java HotSpot(TM) 64-Bit Server VM (25.144-b01 mixed mode bsd-amd64 compressed oops)
# Problematic frame:
# C  [libawt_lwawt.dylib+0x1c45f]  OGLSD_SetScratchSurface+0x49
#
# Failed to write core dump. Core dumps have been disabled. To enable core dumping, try "ulimit -c unlimited" before starting Java again
#
# If you would like to submit a bug report, please visit:
#   http://bugreport.java.com/bugreport/crash.jsp
# The crash happened outside the Java Virtual Machine in native code.
# See problematic frame for where to report the bug.
#

---------------  T H R E A D  ---------------

Current thread (0x00007fc58791e000):  JavaThread "Java2D Queue Flusher" daemon [_thread_in_native, id=80911, stack(0x0000700005726000,0x0000700005826000)]

siginfo: si_signo: 11 (SIGSEGV), si_code: 0 (unknown), si_addr: 0x0000000000000000

Registers:
RAX=0x00000000ffffffff, RBX=0x67696c746f700002, RCX=0x0000000000000047, RDX=0x0000000128a83258
RSP=0x0000700005825750, RBP=0x0000700005825770, RSI=0x00007fc587652710, RDI=0x00007fc58791e1f8
R8 =0x00000000000001c8, R9 =0xffffffff00000000, R10=0x000000011206d5b8, R11=0x00000001120dc000
R12=0x0000000000000000, R13=0x0000700005825908, R14=0x00007fc58791e1f8, R15=0x00007fc58791e000
RIP=0x0000000128a6245f, EFLAGS=0x0000000000010202, ERR=0x0000000000000000
  TRAPNO=0x000000000000000d

Top of Stack: (sp=0x0000700005825750)
0x0000700005825750:   00007fc587652710 0000000000000000
0x0000700005825760:   00007fc5888ea610 00007fc58791e000
0x0000700005825770:   00007000058257f0 0000000128a82d36
0x0000700005825780:   00007fc587426600 0000000200000001
0x0000700005825790:   00007000058257c0 0000700005825700
0x00007000058257a0:   0000000000000000 0000000000000000
0x00007000058257b0:   00007000058257f0 00007fc5888ea620
0x00007000058257c0:   0000700000825960 00007fc58791e1f8
0x00007000058257d0:   000000015f36fba8 0000000000000000
0x00007000058257e0:   0000700005825988 00007fc58791e000
0x00007000058257f0:   0000700005825840 000000011206d62a
0x0000700005825800:   0000000797629e60 0000000111036a00
0x0000700005825810:   0000000000000064 0000000000000000
0x0000700005825820:   0000000000000064 00007fc5874557f8
0x0000700005825830:   0000700005825890 0000000110e4e1e8
0x0000700005825840:   0000700005825960 00000001120e0cfc
0x0000700005825850:   0000000000000001 00007fc58743a500
0x0000700005825860:   0000000797618300 00007fc58791e000
0x0000700005825870:   00007fc58791e000 0000000125551a00
0x0000700005825880:   0000700005825988 00007fc58791e000
0x0000700005825890:   00007000058258e0 0000000111e1a8e8
0x00007000058258a0:   0000000797629e60 0000000111ee9ba6
0x00007000058258b0:   0000700005825960 00000001120dc05c
0x00007000058258c0:   000000012ceaad1c 0000700005825908
0x00007000058258d0:   000000012ceaad98 0000000000000000
0x00007000058258e0:   0000700005825960 0000000111aad2bd
0x00007000058258f0:   0000700005825960 0000000111aad2bd
0x0000700005825900:   0000000111aad2bd 0000000797629e60
0x0000700005825910:   0000000000000003 0000000797618330
0x0000700005825920:   0000700005825910 00000001259d1aa9
0x0000700005825930:   0000700005825988 00000001259d2330
0x0000700005825940:   0000000000000000 00000001259d1bb0 

Instructions: (pc=0x0000000128a6245f)
0x0000000128a6243f:   c0 e9 82 00 00 00 48 8b 5e 10 48 85 db 75 0e bf
0x0000000128a6244f:   01 00 00 00 48 8d 15 67 7b 03 00 eb d6 49 89 fe
0x0000000128a6245f:   4c 8b 3b 30 c0 e8 21 a6 02 00 49 8b 3f 49 89 c4
0x0000000128a6246f:   48 8b 35 aa 02 06 00 30 c0 e8 51 a7 02 00 48 85 

Register to memory mapping:

RAX=0x00000000ffffffff is an unknown value
RBX=0x67696c746f700002 is an unknown value
RCX=0x0000000000000047 is an unknown value
RDX=0x0000000128a83258: Java_sun_java2d_opengl_OGLRenderQueue_flushBuffer+0xb5c in /Library/Java/JavaVirtualMachines/jdk1.8.0_144.jdk/Contents/Home/jre/lib/libawt_lwawt.dylib at 0x0000000128a46000
RSP=0x0000700005825750 is pointing into the stack for thread: 0x00007fc58791e000
RBP=0x0000700005825770 is pointing into the stack for thread: 0x00007fc58791e000
RSI=0x00007fc587652710 is an unknown value
RDI=0x00007fc58791e1f8 is an unknown value
R8 =0x00000000000001c8 is an unknown value
R9 =0xffffffff00000000 is an unknown value
R10=0x000000011206d5b8 is at entry_point+56 in (nmethod*)0x000000011206d410
R11=0x00000001120dc000 is at entry_point+0 in (nmethod*)0x00000001120dbe90
R12=0x0000000000000000 is an unknown value
R13=0x0000700005825908 is pointing into the stack for thread: 0x00007fc58791e000
R14=0x00007fc58791e1f8 is an unknown value
R15=0x00007fc58791e000 is a thread


Stack: [0x0000700005726000,0x0000700005826000],  sp=0x0000700005825750,  free space=1021k
Native frames: (J=compiled Java code, j=interpreted, Vv=VM code, C=native code)
C  [libawt_lwawt.dylib+0x1c45f]  OGLSD_SetScratchSurface+0x49
C  [libawt_lwawt.dylib+0x3cd36]  Java_sun_java2d_opengl_OGLRenderQueue_flushBuffer+0x63a
J 1834  sun.java2d.opengl.OGLRenderQueue.flushBuffer(JI)V (0 bytes) @ 0x000000011206d62a [0x000000011206d580+0xaa]
J 1922 C1 sun.java2d.opengl.OGLRenderQueue.flushBuffer()V (41 bytes) @ 0x00000001120e0cfc [0x00000001120e0aa0+0x25c]
J 1921 C1 sun.java2d.opengl.OGLRenderQueue.access$100(Lsun/java2d/opengl/OGLRenderQueue;)V (5 bytes) @ 0x00000001120dc05c [0x00000001120dc000+0x5c]
j  sun.java2d.opengl.OGLRenderQueue$QueueFlusher.run()V+81
v  ~StubRoutines::call_stub
V  [libjvm.dylib+0x2ee70a]
V  [libjvm.dylib+0x2eeeae]
V  [libjvm.dylib+0x2ef05a]
V  [libjvm.dylib+0x3497b1]
V  [libjvm.dylib+0x56c0b3]
V  [libjvm.dylib+0x56d7a0]
V  [libjvm.dylib+0x48baee]
C  [libsystem_pthread.dylib+0x333d]  _pthread_body+0x7e
C  [libsystem_pthread.dylib+0x62a7]  _pthread_start+0x46
C  [libsystem_pthread.dylib+0x2425]  thread_start+0xd
C  0x0000000000000000

Java frames: (J=compiled Java code, j=interpreted, Vv=VM code)
J 1834  sun.java2d.opengl.OGLRenderQueue.flushBuffer(JI)V (0 bytes) @ 0x000000011206d5b8 [0x000000011206d580+0x38]
J 1922 C1 sun.java2d.opengl.OGLRenderQueue.flushBuffer()V (41 bytes) @ 0x00000001120e0cfc [0x00000001120e0aa0+0x25c]
J 1921 C1 sun.java2d.opengl.OGLRenderQueue.access$100(Lsun/java2d/opengl/OGLRenderQueue;)V (5 bytes) @ 0x00000001120dc05c [0x00000001120dc000+0x5c]
j  sun.java2d.opengl.OGLRenderQueue$QueueFlusher.run()V+81
v  ~StubRoutines::call_stub

---------------  P R O C E S S  ---------------

Java Threads: ( => current thread )
  0x00007fc588e02800 JavaThread "TimerQueue" daemon [_thread_blocked, id=55563, stack(0x000070000592c000,0x0000700005a2c000)]
  0x00007fc587ab6000 JavaThread "DestroyJavaVM" [_thread_blocked, id=5891, stack(0x000070000456a000,0x000070000466a000)]
  0x00007fc587a3d800 JavaThread "AWT-EventQueue-0" [_thread_blocked, id=54807, stack(0x0000700005ab2000,0x0000700005bb2000)]
  0x00007fc5878f1800 JavaThread "Java2D Disposer" daemon [_thread_blocked, id=52239, stack(0x0000700005829000,0x0000700005929000)]
=>0x00007fc58791e000 JavaThread "Java2D Queue Flusher" daemon [_thread_in_native, id=80911, stack(0x0000700005726000,0x0000700005826000)]
  0x00007fc5878a7800 JavaThread "AWT-Shutdown" [_thread_blocked, id=40487, stack(0x0000700005394000,0x0000700005494000)]
  0x00007fc5890bc000 JavaThread "AppKit Thread" daemon [_thread_in_native, id=775, stack(0x00007ffedf7fc000,0x00007ffedfffc000)]
  0x00007fc587831800 JavaThread "Service Thread" daemon [_thread_blocked, id=13827, stack(0x000070000518e000,0x000070000528e000)]
  0x00007fc587800000 JavaThread "C1 CompilerThread2" daemon [_thread_blocked, id=13571, stack(0x000070000508b000,0x000070000518b000)]
  0x00007fc589067800 JavaThread "C2 CompilerThread1" daemon [_thread_blocked, id=13315, stack(0x0000700004f88000,0x0000700005088000)]
  0x00007fc58882a000 JavaThread "C2 CompilerThread0" daemon [_thread_blocked, id=13059, stack(0x0000700004e85000,0x0000700004f85000)]
  0x00007fc58905b000 JavaThread "Signal Dispatcher" daemon [_thread_blocked, id=18179, stack(0x0000700004d82000,0x0000700004e82000)]
  0x00007fc58801e000 JavaThread "Finalizer" daemon [_thread_blocked, id=19971, stack(0x0000700004c7f000,0x0000700004d7f000)]
  0x00007fc587807000 JavaThread "Reference Handler" daemon [_thread_blocked, id=20483, stack(0x0000700004b7c000,0x0000700004c7c000)]

Other Threads:
  0x00007fc588827800 VMThread [stack: 0x0000700004a79000,0x0000700004b79000] [id=20739]
  0x00007fc58883e000 WatcherThread [stack: 0x0000700005291000,0x0000700005391000] [id=16899]

VM state:not at safepoint (normal execution)

VM Mutex/Monitor currently owned by a thread: None

Heap:
 PSYoungGen      total 38400K, used 7015K [0x0000000795580000, 0x0000000798000000, 0x00000007c0000000)
  eden space 33280K, 7% used [0x0000000795580000,0x00000007957fb040,0x0000000797600000)
  from space 5120K, 87% used [0x0000000797600000,0x0000000797a5ee90,0x0000000797b00000)
  to   space 5120K, 0% used [0x0000000797b00000,0x0000000797b00000,0x0000000798000000)
 ParOldGen       total 87552K, used 16K [0x0000000740000000, 0x0000000745580000, 0x0000000795580000)
  object space 87552K, 0% used [0x0000000740000000,0x0000000740004000,0x0000000745580000)
 Metaspace       used 15151K, capacity 15454K, committed 15616K, reserved 1062912K
  class space    used 1877K, capacity 1977K, committed 2048K, reserved 1048576K

Card table byte_map: [0x0000000120aa5000,0x0000000120ea6000] byte_map_base: 0x000000011d0a5000

Marking Bits: (ParMarkBitMap*) 0x00000001113f15d0
 Begin Bits: [0x0000000121151000, 0x0000000123151000)
 End Bits:   [0x0000000123151000, 0x0000000125151000)

Polling page: 0x000000010fc72000

CodeCache: size=245760Kb used=7136Kb max_used=7253Kb free=238623Kb
 bounds [0x0000000111aa5000, 0x00000001121d5000, 0x0000000120aa5000]
 total_blobs=2668 nmethods=2100 adapters=480
 compilation: enabled

Compilation events (10 events):
Event: 2018.755 Thread 0x00007fc587800000 2179       3       java.lang.ref.ReferenceQueue::remove (6 bytes)
Event: 2018.755 Thread 0x00007fc587800000 nmethod 2179 0x0000000111cbbad0 code [0x0000000111cbbc40, 0x0000000111cbbe48]
Event: 2018.756 Thread 0x00007fc587800000 2180   !   3       java.lang.ref.ReferenceQueue::remove (125 bytes)
Event: 2018.756 Thread 0x00007fc587800000 nmethod 2180 0x0000000111d41990 code [0x0000000111d41b80, 0x0000000111d42438]
Event: 2018.758 Thread 0x00007fc587800000 2181  s    3       java.util.Hashtable::remove (133 bytes)
Event: 2018.759 Thread 0x00007fc587800000 nmethod 2181 0x0000000111bb3b90 code [0x0000000111bb3d40, 0x0000000111bb4598]
Event: 2018.759 Thread 0x00007fc587800000 2182   !   3       sun.java2d.Disposer::clearDeferredRecords (70 bytes)
Event: 2018.760 Thread 0x00007fc587800000 nmethod 2182 0x00000001121c0a10 code [0x00000001121c0c60, 0x00000001121c19d8]
Event: 2018.760 Thread 0x00007fc587800000 2183       3       sun.java2d.DefaultDisposerRecord::dispose (12 bytes)
Event: 2018.761 Thread 0x00007fc587800000 nmethod 2183 0x0000000111bdcd50 code [0x0000000111bdcec0, 0x0000000111bdd048]

GC Heap History (2 events):
Event: 2018.703 GC heap before
{Heap before GC invocations=1 (full 0):
 PSYoungGen      total 38400K, used 33280K [0x0000000795580000, 0x0000000798000000, 0x00000007c0000000)
  eden space 33280K, 100% used [0x0000000795580000,0x0000000797600000,0x0000000797600000)
  from space 5120K, 0% used [0x0000000797b00000,0x0000000797b00000,0x0000000798000000)
  to   space 5120K, 0% used [0x0000000797600000,0x0000000797600000,0x0000000797b00000)
 ParOldGen       total 87552K, used 0K [0x0000000740000000, 0x0000000745580000, 0x0000000795580000)
  object space 87552K, 0% used [0x0000000740000000,0x0000000740000000,0x0000000745580000)
 Metaspace       used 15142K, capacity 15454K, committed 15616K, reserved 1062912K
  class space    used 1877K, capacity 1977K, committed 2048K, reserved 1048576K
Event: 2018.713 GC heap after
Heap after GC invocations=1 (full 0):
 PSYoungGen      total 38400K, used 4475K [0x0000000795580000, 0x0000000798000000, 0x00000007c0000000)
  eden space 33280K, 0% used [0x0000000795580000,0x0000000795580000,0x0000000797600000)
  from space 5120K, 87% used [0x0000000797600000,0x0000000797a5ee90,0x0000000797b00000)
  to   space 5120K, 0% used [0x0000000797b00000,0x0000000797b00000,0x0000000798000000)
 ParOldGen       total 87552K, used 16K [0x0000000740000000, 0x0000000745580000, 0x0000000795580000)
  object space 87552K, 0% used [0x0000000740000000,0x0000000740004000,0x0000000745580000)
 Metaspace       used 15142K, capacity 15454K, committed 15616K, reserved 1062912K
  class space    used 1877K, capacity 1977K, committed 2048K, reserved 1048576K
}

Deoptimization events (10 events):
Event: 1999.898 Thread 0x00007fc587a3d800 Uncommon trap: reason=class_check action=maybe_recompile pc=0x0000000111f4cfe4 method=java.awt.EventQueue.cacheEQItem(Lsun/awt/EventQueueItem;)V @ 20
Event: 1999.898 Thread 0x00007fc587a3d800 Uncommon trap: reason=class_check action=maybe_recompile pc=0x0000000111f4cfe4 method=java.awt.EventQueue.cacheEQItem(Lsun/awt/EventQueueItem;)V @ 20
Event: 2000.045 Thread 0x00007fc587a3d800 Uncommon trap: reason=class_check action=maybe_recompile pc=0x0000000111f4cfe4 method=java.awt.EventQueue.cacheEQItem(Lsun/awt/EventQueueItem;)V @ 20
Event: 2000.151 Thread 0x00007fc587a3d800 Uncommon trap: reason=unstable_if action=reinterpret pc=0x0000000111ea0fd0 method=java.util.concurrent.locks.ReentrantLock$Sync.nonfairTryAcquire(I)Z @ 34
Event: 2000.151 Thread 0x00007fc587a3d800 Uncommon trap: reason=unstable_if action=reinterpret pc=0x0000000111e7bc38 method=java.util.concurrent.locks.ReentrantLock$Sync.tryRelease(I)Z @ 28
Event: 2000.153 Thread 0x00007fc587a3d800 Uncommon trap: reason=unstable_if action=reinterpret pc=0x0000000111e9bb04 method=java.util.concurrent.locks.ReentrantLock$Sync.tryRelease(I)Z @ 28
Event: 2000.654 Thread 0x00007fc588e02800 Uncommon trap: reason=unstable_if action=reinterpret pc=0x0000000111e6eb64 method=java.util.concurrent.locks.ReentrantLock$Sync.tryRelease(I)Z @ 28
Event: 2001.063 Thread 0x00007fc588286000 Uncommon trap: reason=unstable_if action=reinterpret pc=0x00000001120c5fec method=sun.awt.image.GifImageDecoder.sendPixels(IIII[BLjava/awt/image/ColorModel;)I @ 136
Event: 2001.624 Thread 0x00007fc587a3d800 Uncommon trap: reason=null_check action=make_not_entrant pc=0x00000001120bcfc8 method=javax.swing.plaf.nimbus.NimbusDefaults$LazyStyle.matches(Ljava/awt/Component;I)Z @ 39
Event: 2018.737 Thread 0x00007fc587a3d800 Uncommon trap: reason=unstable_if action=reinterpret pc=0x000000011207a134 method=java.lang.ref.SoftReference.get()Ljava/lang/Object; @ 17

Internal exceptions (10 events):
Event: 1999.894 Thread 0x00007fc587a3d800 Exception <a 'java/lang/ClassNotFoundException': javax/swing/JTreeCell> (0x0000000796d89900) thrown at [/Users/java_re/workspace/8-2-build-macosx-x86_64/jdk8u144/9417/hotspot/src/share/vm/classfile/systemDictionary.cpp, line 210]
Event: 1999.894 Thread 0x00007fc587a3d800 Exception <a 'java/lang/ClassNotFoundException': TreeCell> (0x0000000796d89f70) thrown at [/Users/java_re/workspace/8-2-build-macosx-x86_64/jdk8u144/9417/hotspot/src/share/vm/classfile/systemDictionary.cpp, line 210]
Event: 1999.895 Thread 0x00007fc587a3d800 Exception <a 'java/lang/ClassNotFoundException': RootPane> (0x0000000796d8a978) thrown at [/Users/java_re/workspace/8-2-build-macosx-x86_64/jdk8u144/9417/hotspot/src/share/vm/classfile/systemDictionary.cpp, line 210]
Event: 1999.960 Thread 0x00007fc588286000 Exception <a 'java/lang/InterruptedException': sleep interrupted> (0x0000000796cc9a38) thrown at [/Users/java_re/workspace/8-2-build-macosx-x86_64/jdk8u144/9417/hotspot/src/share/vm/prims/jvm.cpp, line 3180]
Event: 2001.624 Thread 0x00007fc587a3d800 Implicit null exception at 0x00000001120b95c3 to 0x00000001120bcfa5
Event: 2001.637 Thread 0x00007fc588286000 Exception <a 'java/lang/InterruptedException': sleep interrupted> (0x000000079728cf00) thrown at [/Users/java_re/workspace/8-2-build-macosx-x86_64/jdk8u144/9417/hotspot/src/share/vm/prims/jvm.cpp, line 3180]
Event: 2018.715 Thread 0x00007fc58801e000 Exception <a 'java/lang/NullPointerException'> (0x0000000795701678) thrown at [/Users/java_re/workspace/8-2-build-macosx-x86_64/jdk8u144/9417/hotspot/src/share/vm/interpreter/linkResolver.cpp, line 1197]
Event: 2018.720 Thread 0x00007fc58801e000 Exception <a 'java/lang/NullPointerException'> (0x0000000795701a28) thrown at [/Users/java_re/workspace/8-2-build-macosx-x86_64/jdk8u144/9417/hotspot/src/share/vm/interpreter/linkResolver.cpp, line 1197]
Event: 2018.720 Thread 0x00007fc58801e000 Exception <a 'java/lang/NullPointerException'> (0x0000000795701c30) thrown at [/Users/java_re/workspace/8-2-build-macosx-x86_64/jdk8u144/9417/hotspot/src/share/vm/interpreter/linkResolver.cpp, line 1197]
Event: 2018.721 Thread 0x00007fc58801e000 Exception <a 'java/lang/NullPointerException'> (0x0000000795701e48) thrown at [/Users/java_re/workspace/8-2-build-macosx-x86_64/jdk8u144/9417/hotspot/src/share/vm/interpreter/linkResolver.cpp, line 1197]

Events (10 events):
Event: 2018.747 Thread 0x00007fc587800000 flushing nmethod 0x0000000111d76810
Event: 2018.747 Thread 0x00007fc587800000 flushing nmethod 0x0000000111d80550
Event: 2018.756 Thread 0x00007fc587800000 flushing nmethod 0x0000000111d9c1d0
Event: 2018.756 Thread 0x00007fc587800000 flushing nmethod 0x0000000111da3bd0
Event: 2018.756 Thread 0x00007fc587800000 flushing nmethod 0x0000000111da4410
Event: 2018.756 Thread 0x00007fc587800000 flushing nmethod 0x0000000111dc50d0
Event: 2018.756 Thread 0x00007fc587800000 flushing nmethod 0x0000000111dc5d10
Event: 2018.756 Thread 0x00007fc587800000 flushing nmethod 0x0000000111dcc350
Event: 2018.759 Thread 0x00007fc587800000 flushing nmethod 0x0000000111e9c2d0
Event: 2018.760 Thread 0x00007fc587800000 flushing nmethod 0x0000000111ed6450


Dynamic libraries:
0x0000000004326000 	/System/Library/Frameworks/Cocoa.framework/Versions/A/Cocoa
0x0000000004326000 	/System/Library/Frameworks/Security.framework/Versions/A/Security
0x0000000004326000 	/System/Library/Frameworks/ApplicationServices.framework/Versions/A/ApplicationServices
0x0000000004326000 	/usr/lib/libz.1.dylib
0x0000000004326000 	/usr/lib/libSystem.B.dylib
0x0000000004326000 	/usr/lib/libobjc.A.dylib
0x0000000004326000 	/System/Library/Frameworks/CoreFoundation.framework/Versions/A/CoreFoundation
0x0000000004326000 	/System/Library/Frameworks/Foundation.framework/Versions/C/Foundation
0x0000000004326000 	/System/Library/Frameworks/AppKit.framework/Versions/C/AppKit
0x0000000004326000 	/System/Library/Frameworks/CoreData.framework/Versions/A/CoreData
0x0000000004326000 	/System/Library/PrivateFrameworks/RemoteViewServices.framework/Versions/A/RemoteViewServices
0x0000000004326000 	/System/Library/PrivateFrameworks/UIFoundation.framework/Versions/A/UIFoundation
0x0000000004326000 	/System/Library/PrivateFrameworks/XCTTargetBootstrap.framework/Versions/A/XCTTargetBootstrap
0x0000000004326000 	/System/Library/PrivateFrameworks/IconServices.framework/Versions/A/IconServices
0x0000000004326000 	/System/Library/Frameworks/Metal.framework/Versions/A/Metal
0x0000000004326000 	/System/Library/PrivateFrameworks/DesktopServicesPriv.framework/Versions/A/DesktopServicesPriv
0x0000000004326000 	/usr/lib/libenergytrace.dylib
0x0000000004326000 	/System/Library/PrivateFrameworks/SkyLight.framework/Versions/A/SkyLight
0x0000000004326000 	/System/Library/Frameworks/CoreGraphics.framework/Versions/A/CoreGraphics
0x0000000004326000 	/System/Library/Frameworks/Accelerate.framework/Versions/A/Accelerate
0x0000000004326000 	/System/Library/Frameworks/IOSurface.framework/Versions/A/IOSurface
0x0000000004326000 	/System/Library/PrivateFrameworks/DFRFoundation.framework/Versions/A/DFRFoundation
0x0000000004326000 	/System/Library/Frameworks/AudioToolbox.framework/Versions/A/AudioToolbox
0x0000000004326000 	/System/Library/Frameworks/AudioUnit.framework/Versions/A/AudioUnit
0x0000000004326000 	/System/Library/PrivateFrameworks/DataDetectorsCore.framework/Versions/A/DataDetectorsCore
0x0000000004326000 	/System/Library/Frameworks/Carbon.framework/Versions/A/Frameworks/HIToolbox.framework/Versions/A/HIToolbox
0x0000000004326000 	/usr/lib/libicucore.A.dylib
0x0000000004326000 	/System/Library/Frameworks/QuartzCore.framework/Versions/A/QuartzCore
0x0000000004326000 	/System/Library/Frameworks/Carbon.framework/Versions/A/Frameworks/SpeechRecognition.framework/Versions/A/SpeechRecognition
0x0000000004326000 	/usr/lib/libauto.dylib
0x0000000004326000 	/usr/lib/libxml2.2.dylib
0x0000000004326000 	/System/Library/PrivateFrameworks/CoreUI.framework/Versions/A/CoreUI
0x0000000004326000 	/System/Library/Frameworks/CoreAudio.framework/Versions/A/CoreAudio
0x0000000004326000 	/System/Library/Frameworks/DiskArbitration.framework/Versions/A/DiskArbitration
0x0000000004326000 	/usr/lib/liblangid.dylib
0x0000000004326000 	/System/Library/PrivateFrameworks/MultitouchSupport.framework/Versions/A/MultitouchSupport
0x0000000004326000 	/System/Library/Frameworks/IOKit.framework/Versions/A/IOKit
0x0000000004326000 	/usr/lib/libDiagnosticMessagesClient.dylib
0x0000000004326000 	/System/Library/Frameworks/CoreServices.framework/Versions/A/CoreServices
0x0000000004326000 	/System/Library/PrivateFrameworks/PerformanceAnalysis.framework/Versions/A/PerformanceAnalysis
0x0000000004326000 	/System/Library/Frameworks/OpenGL.framework/Versions/A/OpenGL
0x0000000004326000 	/System/Library/Frameworks/ColorSync.framework/Versions/A/ColorSync
0x0000000004326000 	/System/Library/Frameworks/CoreImage.framework/Versions/A/CoreImage
0x0000000004326000 	/System/Library/Frameworks/CoreText.framework/Versions/A/CoreText
0x0000000004326000 	/System/Library/Frameworks/ImageIO.framework/Versions/A/ImageIO
0x0000000004326000 	/System/Library/PrivateFrameworks/Backup.framework/Versions/A/Backup
0x0000000004326000 	/usr/lib/libarchive.2.dylib
0x0000000004326000 	/System/Library/Frameworks/CFNetwork.framework/Versions/A/CFNetwork
0x0000000004326000 	/System/Library/Frameworks/SystemConfiguration.framework/Versions/A/SystemConfiguration
0x0000000004326000 	/usr/lib/libCRFSuite.dylib
0x0000000004326000 	/usr/lib/libc++.1.dylib
0x0000000004326000 	/usr/lib/libc++abi.dylib
0x0000000004326000 	/usr/lib/system/libcache.dylib
0x0000000004326000 	/usr/lib/system/libcommonCrypto.dylib
0x0000000004326000 	/usr/lib/system/libcompiler_rt.dylib
0x0000000004326000 	/usr/lib/system/libcopyfile.dylib
0x0000000004326000 	/usr/lib/system/libcorecrypto.dylib
0x0000000004326000 	/usr/lib/system/libdispatch.dylib
0x0000000004326000 	/usr/lib/system/libdyld.dylib
0x0000000004326000 	/usr/lib/system/libkeymgr.dylib
0x0000000004326000 	/usr/lib/system/liblaunch.dylib
0x0000000004326000 	/usr/lib/system/libmacho.dylib
0x0000000004326000 	/usr/lib/system/libquarantine.dylib
0x0000000004326000 	/usr/lib/system/libremovefile.dylib
0x0000000004326000 	/usr/lib/system/libsystem_asl.dylib
0x0000000004326000 	/usr/lib/system/libsystem_blocks.dylib
0x0000000004326000 	/usr/lib/system/libsystem_c.dylib
0x0000000004326000 	/usr/lib/system/libsystem_configuration.dylib
0x0000000004326000 	/usr/lib/system/libsystem_coreservices.dylib
0x0000000004326000 	/usr/lib/system/libsystem_darwin.dylib
0x0000000004326000 	/usr/lib/system/libsystem_dnssd.dylib
0x0000000004326000 	/usr/lib/system/libsystem_info.dylib
0x0000000004326000 	/usr/lib/system/libsystem_m.dylib
0x0000000004326000 	/usr/lib/system/libsystem_malloc.dylib
0x0000000004326000 	/usr/lib/system/libsystem_networkextension.dylib
0x0000000004326000 	/usr/lib/system/libsystem_notify.dylib
0x0000000004326000 	/usr/lib/system/libsystem_sandbox.dylib
0x0000000004326000 	/usr/lib/system/libsystem_secinit.dylib
0x0000000004326000 	/usr/lib/system/libsystem_kernel.dylib
0x0000000004326000 	/usr/lib/system/libsystem_platform.dylib
0x0000000004326000 	/usr/lib/system/libsystem_pthread.dylib
0x0000000004326000 	/usr/lib/system/libsystem_symptoms.dylib
0x0000000004326000 	/usr/lib/system/libsystem_trace.dylib
0x0000000004326000 	/usr/lib/system/libunwind.dylib
0x0000000004326000 	/usr/lib/system/libxpc.dylib
0x0000000004326000 	/usr/lib/libbsm.0.dylib
0x0000000004326000 	/usr/lib/system/libkxld.dylib
0x0000000004326000 	/System/Library/PrivateFrameworks/AppleFSCompression.framework/Versions/A/AppleFSCompression
0x0000000004326000 	/usr/lib/libOpenScriptingUtil.dylib
0x0000000004326000 	/usr/lib/libcoretls.dylib
0x0000000004326000 	/usr/lib/libcoretls_cfhelpers.dylib
0x0000000004326000 	/usr/lib/libpam.2.dylib
0x0000000004326000 	/usr/lib/libsqlite3.dylib
0x0000000004326000 	/usr/lib/libxar.1.dylib
0x0000000004326000 	/usr/lib/libbz2.1.0.dylib
0x0000000004326000 	/usr/lib/liblzma.5.dylib
0x0000000004326000 	/usr/lib/libnetwork.dylib
0x0000000004326000 	/usr/lib/libapple_nghttp2.dylib
0x0000000004326000 	/usr/lib/libpcap.A.dylib
0x0000000004326000 	/System/Library/Frameworks/CoreServices.framework/Versions/A/Frameworks/FSEvents.framework/Versions/A/FSEvents
0x0000000004326000 	/System/Library/Frameworks/CoreServices.framework/Versions/A/Frameworks/CarbonCore.framework/Versions/A/CarbonCore
0x0000000004326000 	/System/Library/Frameworks/CoreServices.framework/Versions/A/Frameworks/Metadata.framework/Versions/A/Metadata
0x0000000004326000 	/System/Library/Frameworks/CoreServices.framework/Versions/A/Frameworks/OSServices.framework/Versions/A/OSServices
0x0000000004326000 	/System/Library/Frameworks/CoreServices.framework/Versions/A/Frameworks/SearchKit.framework/Versions/A/SearchKit
0x0000000004326000 	/System/Library/Frameworks/CoreServices.framework/Versions/A/Frameworks/AE.framework/Versions/A/AE
0x0000000004326000 	/System/Library/Frameworks/CoreServices.framework/Versions/A/Frameworks/LaunchServices.framework/Versions/A/LaunchServices
0x0000000004326000 	/System/Library/Frameworks/CoreServices.framework/Versions/A/Frameworks/DictionaryServices.framework/Versions/A/DictionaryServices
0x0000000004326000 	/System/Library/Frameworks/CoreServices.framework/Versions/A/Frameworks/SharedFileList.framework/Versions/A/SharedFileList
0x0000000004326000 	/System/Library/Frameworks/NetFS.framework/Versions/A/NetFS
0x0000000004326000 	/System/Library/PrivateFrameworks/NetAuth.framework/Versions/A/NetAuth
0x0000000004326000 	/System/Library/PrivateFrameworks/login.framework/Versions/A/Frameworks/loginsupport.framework/Versions/A/loginsupport
0x0000000004326000 	/System/Library/PrivateFrameworks/TCC.framework/Versions/A/TCC
0x0000000004326000 	/System/Library/PrivateFrameworks/CoreNLP.framework/Versions/A/CoreNLP
0x0000000004326000 	/System/Library/PrivateFrameworks/MetadataUtilities.framework/Versions/A/MetadataUtilities
0x0000000004326000 	/usr/lib/libmecabra.dylib
0x0000000004326000 	/System/Library/Frameworks/ApplicationServices.framework/Versions/A/Frameworks/ATS.framework/Versions/A/ATS
0x0000000004326000 	/System/Library/Frameworks/ApplicationServices.framework/Versions/A/Frameworks/ColorSyncLegacy.framework/Versions/A/ColorSyncLegacy
0x0000000004326000 	/System/Library/Frameworks/ApplicationServices.framework/Versions/A/Frameworks/HIServices.framework/Versions/A/HIServices
0x0000000004326000 	/System/Library/Frameworks/ApplicationServices.framework/Versions/A/Frameworks/LangAnalysis.framework/Versions/A/LangAnalysis
0x0000000004326000 	/System/Library/Frameworks/ApplicationServices.framework/Versions/A/Frameworks/PrintCore.framework/Versions/A/PrintCore
0x0000000004326000 	/System/Library/Frameworks/ApplicationServices.framework/Versions/A/Frameworks/QD.framework/Versions/A/QD
0x0000000004326000 	/System/Library/Frameworks/ApplicationServices.framework/Versions/A/Frameworks/SpeechSynthesis.framework/Versions/A/SpeechSynthesis
0x0000000004326000 	/usr/lib/libcompression.dylib
0x0000000004326000 	/System/Library/Frameworks/CoreDisplay.framework/Versions/A/CoreDisplay
0x0000000004326000 	/System/Library/Frameworks/MetalPerformanceShaders.framework/Versions/A/MetalPerformanceShaders
0x0000000004326000 	/System/Library/Frameworks/Accelerate.framework/Versions/A/Frameworks/vImage.framework/Versions/A/vImage
0x0000000004326000 	/System/Library/Frameworks/Accelerate.framework/Versions/A/Frameworks/vecLib.framework/Versions/A/vecLib
0x0000000004326000 	/System/Library/Frameworks/Accelerate.framework/Versions/A/Frameworks/vecLib.framework/Versions/A/libvMisc.dylib
0x0000000004326000 	/System/Library/Frameworks/Accelerate.framework/Versions/A/Frameworks/vecLib.framework/Versions/A/libvDSP.dylib
0x0000000004326000 	/System/Library/Frameworks/Accelerate.framework/Versions/A/Frameworks/vecLib.framework/Versions/A/libBLAS.dylib
0x0000000004326000 	/System/Library/Frameworks/Accelerate.framework/Versions/A/Frameworks/vecLib.framework/Versions/A/libLAPACK.dylib
0x0000000004326000 	/System/Library/Frameworks/Accelerate.framework/Versions/A/Frameworks/vecLib.framework/Versions/A/libLinearAlgebra.dylib
0x0000000004326000 	/System/Library/Frameworks/Accelerate.framework/Versions/A/Frameworks/vecLib.framework/Versions/A/libSparseBLAS.dylib
0x0000000004326000 	/System/Library/Frameworks/Accelerate.framework/Versions/A/Frameworks/vecLib.framework/Versions/A/libQuadrature.dylib
0x0000000004326000 	/System/Library/Frameworks/Accelerate.framework/Versions/A/Frameworks/vecLib.framework/Versions/A/libBNNS.dylib
0x0000000004326000 	/System/Library/Frameworks/Accelerate.framework/Versions/A/Frameworks/vecLib.framework/Versions/A/libSparse.dylib
0x0000000004326000 	/System/Library/PrivateFrameworks/GPUWrangler.framework/Versions/A/GPUWrangler
0x0000000004326000 	/System/Library/PrivateFrameworks/IOAccelerator.framework/Versions/A/IOAccelerator
0x0000000004326000 	/System/Library/PrivateFrameworks/IOPresentment.framework/Versions/A/IOPresentment
0x0000000004326000 	/System/Library/PrivateFrameworks/DSExternalDisplay.framework/Versions/A/DSExternalDisplay
0x0000000004326000 	/System/Library/Frameworks/OpenGL.framework/Versions/A/Libraries/libCoreFSCache.dylib
0x0000000004326000 	/System/Library/Frameworks/MetalPerformanceShaders.framework/Frameworks/MPSCore.framework/Versions/A/MPSCore
0x0000000004326000 	/System/Library/Frameworks/MetalPerformanceShaders.framework/Frameworks/MPSImage.framework/Versions/A/MPSImage
0x0000000004326000 	/System/Library/Frameworks/MetalPerformanceShaders.framework/Frameworks/MPSNeuralNetwork.framework/Versions/A/MPSNeuralNetwork
0x0000000004326000 	/System/Library/Frameworks/MetalPerformanceShaders.framework/Frameworks/MPSMatrix.framework/Versions/A/MPSMatrix
0x0000000004326000 	/System/Library/Frameworks/MetalPerformanceShaders.framework/Frameworks/MPSRayIntersector.framework/Versions/A/MPSRayIntersector
0x0000000004326000 	/System/Library/PrivateFrameworks/MetalTools.framework/Versions/A/MetalTools
0x0000000004326000 	/System/Library/PrivateFrameworks/AggregateDictionary.framework/Versions/A/AggregateDictionary
0x0000000004326000 	/usr/lib/libMobileGestalt.dylib
0x0000000004326000 	/System/Library/Frameworks/CoreVideo.framework/Versions/A/CoreVideo
0x0000000004326000 	/System/Library/PrivateFrameworks/GraphVisualizer.framework/Versions/A/GraphVisualizer
0x0000000004326000 	/System/Library/PrivateFrameworks/FaceCore.framework/Versions/A/FaceCore
0x0000000004326000 	/System/Library/Frameworks/OpenCL.framework/Versions/A/OpenCL
0x0000000004326000 	/usr/lib/libFosl_dynamic.dylib
0x0000000004326000 	/System/Library/PrivateFrameworks/OTSVG.framework/Versions/A/OTSVG
0x0000000004326000 	/System/Library/Frameworks/ApplicationServices.framework/Versions/A/Frameworks/ATS.framework/Versions/A/Resources/libFontParser.dylib
0x0000000004326000 	/System/Library/Frameworks/ApplicationServices.framework/Versions/A/Frameworks/ATS.framework/Versions/A/Resources/libFontRegistry.dylib
0x0000000004326000 	/System/Library/Frameworks/ImageIO.framework/Versions/A/Resources/libJPEG.dylib
0x0000000004326000 	/System/Library/Frameworks/ImageIO.framework/Versions/A/Resources/libTIFF.dylib
0x0000000004326000 	/System/Library/Frameworks/ImageIO.framework/Versions/A/Resources/libPng.dylib
0x0000000004326000 	/System/Library/Frameworks/ImageIO.framework/Versions/A/Resources/libGIF.dylib
0x0000000004326000 	/System/Library/Frameworks/ImageIO.framework/Versions/A/Resources/libJP2.dylib
0x0000000004326000 	/System/Library/Frameworks/ImageIO.framework/Versions/A/Resources/libRadiance.dylib
0x0000000004326000 	/System/Library/PrivateFrameworks/AppleJPEG.framework/Versions/A/AppleJPEG
0x0000000004326000 	/System/Library/Frameworks/OpenGL.framework/Versions/A/Libraries/libGFXShared.dylib
0x0000000004326000 	/System/Library/Frameworks/OpenGL.framework/Versions/A/Libraries/libGLU.dylib
0x0000000004326000 	/System/Library/Frameworks/OpenGL.framework/Versions/A/Libraries/libGL.dylib
0x0000000004326000 	/System/Library/Frameworks/OpenGL.framework/Versions/A/Libraries/libGLImage.dylib
0x0000000004326000 	/System/Library/Frameworks/OpenGL.framework/Versions/A/Libraries/libCVMSPluginSupport.dylib
0x0000000004326000 	/System/Library/Frameworks/OpenGL.framework/Versions/A/Libraries/libCoreVMClient.dylib
0x0000000004326000 	/usr/lib/libcups.2.dylib
0x0000000004326000 	/System/Library/Frameworks/Kerberos.framework/Versions/A/Kerberos
0x0000000004326000 	/System/Library/Frameworks/GSS.framework/Versions/A/GSS
0x0000000004326000 	/usr/lib/libresolv.9.dylib
0x0000000004326000 	/usr/lib/libiconv.2.dylib
0x0000000004326000 	/System/Library/PrivateFrameworks/Heimdal.framework/Versions/A/Heimdal
0x0000000004326000 	/usr/lib/libheimdal-asn1.dylib
0x0000000004326000 	/System/Library/Frameworks/OpenDirectory.framework/Versions/A/OpenDirectory
0x0000000004326000 	/System/Library/PrivateFrameworks/CommonAuth.framework/Versions/A/CommonAuth
0x0000000004326000 	/System/Library/Frameworks/OpenDirectory.framework/Versions/A/Frameworks/CFOpenDirectory.framework/Versions/A/CFOpenDirectory
0x0000000004326000 	/System/Library/Frameworks/SecurityFoundation.framework/Versions/A/SecurityFoundation
0x0000000004326000 	/System/Library/PrivateFrameworks/APFS.framework/Versions/A/APFS
0x0000000004326000 	/usr/lib/libutil.dylib
0x0000000004326000 	/usr/lib/libcharset.1.dylib
0x0000000004326000 	/System/Library/PrivateFrameworks/AppleSauce.framework/Versions/A/AppleSauce
0x0000000004326000 	/System/Library/PrivateFrameworks/AssertionServices.framework/Versions/A/AssertionServices
0x0000000004326000 	/System/Library/PrivateFrameworks/BaseBoard.framework/Versions/A/BaseBoard
0x0000000004326000 	/usr/lib/libmecab.1.0.0.dylib
0x0000000004326000 	/usr/lib/libgermantok.dylib
0x0000000004326000 	/usr/lib/libThaiTokenizer.dylib
0x0000000004326000 	/usr/lib/libChineseTokenizer.dylib
0x0000000004326000 	/System/Library/PrivateFrameworks/LanguageModeling.framework/Versions/A/LanguageModeling
0x0000000004326000 	/System/Library/PrivateFrameworks/CoreEmoji.framework/Versions/A/CoreEmoji
0x0000000004326000 	/System/Library/PrivateFrameworks/Lexicon.framework/Versions/A/Lexicon
0x0000000004326000 	/System/Library/PrivateFrameworks/LinguisticData.framework/Versions/A/LinguisticData
0x0000000004326000 	/usr/lib/libcmph.dylib
0x0000000004326000 	/System/Library/Frameworks/ServiceManagement.framework/Versions/A/ServiceManagement
0x0000000004326000 	/System/Library/PrivateFrameworks/BackgroundTaskManagement.framework/Versions/A/BackgroundTaskManagement
0x0000000004326000 	/usr/lib/libxslt.1.dylib
0x0000000004326000 	/System/Library/Frameworks/Carbon.framework/Versions/A/Frameworks/Ink.framework/Versions/A/Ink
0x0000000004326000 	/System/Library/PrivateFrameworks/TextureIO.framework/Versions/A/TextureIO
0x0000000004326000 	/usr/lib/libate.dylib
0x0000000004326000 	/System/Library/PrivateFrameworks/CrashReporterSupport.framework/Versions/A/CrashReporterSupport
0x0000000004326000 	/System/Library/PrivateFrameworks/Sharing.framework/Versions/A/Sharing
0x0000000004326000 	/System/Library/PrivateFrameworks/AuthKit.framework/Versions/A/AuthKit
0x0000000004326000 	/System/Library/PrivateFrameworks/Apple80211.framework/Versions/A/Apple80211
0x0000000004326000 	/System/Library/PrivateFrameworks/CoreUtils.framework/Versions/A/CoreUtils
0x0000000004326000 	/System/Library/Frameworks/CoreWLAN.framework/Versions/A/CoreWLAN
0x0000000004326000 	/System/Library/Frameworks/IOBluetooth.framework/Versions/A/IOBluetooth
0x0000000004326000 	/System/Library/PrivateFrameworks/ProtocolBuffer.framework/Versions/A/ProtocolBuffer
0x0000000004326000 	/System/Library/PrivateFrameworks/MobileKeyBag.framework/Versions/A/MobileKeyBag
0x0000000004326000 	/System/Library/PrivateFrameworks/CorePhoneNumbers.framework/Versions/A/CorePhoneNumbers
0x0000000004326000 	/System/Library/PrivateFrameworks/AppleIDAuthSupport.framework/Versions/A/AppleIDAuthSupport
0x0000000004326000 	/System/Library/PrivateFrameworks/KeychainCircle.framework/Versions/A/KeychainCircle
0x0000000004326000 	/System/Library/PrivateFrameworks/ROCKit.framework/Versions/A/ROCKit
0x0000000004326000 	/System/Library/PrivateFrameworks/CoreWiFi.framework/Versions/A/CoreWiFi
0x0000000004326000 	/System/Library/Frameworks/CoreBluetooth.framework/Versions/A/CoreBluetooth
0x0000000004326000 	/System/Library/PrivateFrameworks/DebugSymbols.framework/Versions/A/DebugSymbols
0x0000000004326000 	/System/Library/PrivateFrameworks/CoreSymbolication.framework/Versions/A/CoreSymbolication
0x0000000004326000 	/System/Library/PrivateFrameworks/Symbolication.framework/Versions/A/Symbolication
0x0000000004326000 	/System/Library/PrivateFrameworks/SpeechRecognitionCore.framework/Versions/A/SpeechRecognitionCore
0x0000000110afe000 	/Library/Java/JavaVirtualMachines/jdk1.8.0_144.jdk/Contents/Home/jre/lib/server/libjvm.dylib
0x0000000004326000 	/usr/lib/libstdc++.6.dylib
0x000000010fc2f000 	/Library/Java/JavaVirtualMachines/jdk1.8.0_144.jdk/Contents/Home/jre/lib/libverify.dylib
0x000000010fc3d000 	/Library/Java/JavaVirtualMachines/jdk1.8.0_144.jdk/Contents/Home/jre/lib/libjava.dylib
0x000000010fcbc000 	/Library/Java/JavaVirtualMachines/jdk1.8.0_144.jdk/Contents/Home/jre/lib/libzip.dylib
0x0000000004326000 	/System/Library/Frameworks/JavaVM.framework/Versions/A/Frameworks/JavaRuntimeSupport.framework/Versions/A/JavaRuntimeSupport
0x0000000004326000 	/System/Library/Frameworks/JavaVM.framework/Versions/A/Frameworks/JavaNativeFoundation.framework/Versions/A/JavaNativeFoundation
0x0000000004326000 	/System/Library/Frameworks/JavaVM.framework/Versions/A/JavaVM
0x0000000004326000 	/System/Library/Frameworks/Carbon.framework/Versions/A/Carbon
0x0000000004326000 	/System/Library/PrivateFrameworks/JavaLaunching.framework/Versions/A/JavaLaunching
0x0000000004326000 	/System/Library/Frameworks/Carbon.framework/Versions/A/Frameworks/CommonPanels.framework/Versions/A/CommonPanels
0x0000000004326000 	/System/Library/Frameworks/Carbon.framework/Versions/A/Frameworks/Help.framework/Versions/A/Help
0x0000000004326000 	/System/Library/Frameworks/Carbon.framework/Versions/A/Frameworks/ImageCapture.framework/Versions/A/ImageCapture
0x0000000004326000 	/System/Library/Frameworks/Carbon.framework/Versions/A/Frameworks/OpenScripting.framework/Versions/A/OpenScripting
0x0000000004326000 	/System/Library/Frameworks/Carbon.framework/Versions/A/Frameworks/Print.framework/Versions/A/Print
0x0000000004326000 	/System/Library/Frameworks/Carbon.framework/Versions/A/Frameworks/SecurityHI.framework/Versions/A/SecurityHI
0x00000001288d2000 	/Library/Java/JavaVirtualMachines/jdk1.8.0_144.jdk/Contents/Home/jre/lib/libawt.dylib
0x000000012897a000 	/Library/Java/JavaVirtualMachines/jdk1.8.0_144.jdk/Contents/Home/jre/lib/./libmlib_image.dylib
0x0000000128a46000 	/Library/Java/JavaVirtualMachines/jdk1.8.0_144.jdk/Contents/Home/jre/lib/libawt_lwawt.dylib
0x0000000128afd000 	/Library/Java/JavaVirtualMachines/jdk1.8.0_144.jdk/Contents/Home/jre/lib/./libosxapp.dylib
0x0000000004326000 	/System/Library/Frameworks/ExceptionHandling.framework/Versions/A/ExceptionHandling
0x0000000004326000 	/System/Library/PrivateFrameworks/CoreServicesInternal.framework/Versions/A/CoreServicesInternal
0x0000000004326000 	/System/Library/CoreServices/RawCamera.bundle/Contents/MacOS/RawCamera
0x0000000004326000 	/System/Library/PrivateFrameworks/MobileAsset.framework/Versions/A/MobileAsset
0x0000000004326000 	/System/Library/PrivateFrameworks/StreamingZip.framework/Versions/A/StreamingZip
0x0000000004326000 	/System/Library/Frameworks/MediaToolbox.framework/Versions/A/MediaToolbox
0x0000000004326000 	/System/Library/PrivateFrameworks/CoreAVCHD.framework/Versions/A/CoreAVCHD
0x0000000004326000 	/System/Library/Frameworks/MediaAccessibility.framework/Versions/A/MediaAccessibility
0x0000000004326000 	/System/Library/PrivateFrameworks/Mangrove.framework/Versions/A/Mangrove
0x0000000004326000 	/System/Library/Frameworks/CoreMedia.framework/Versions/A/CoreMedia
0x0000000004326000 	/System/Library/Frameworks/VideoToolbox.framework/Versions/A/VideoToolbox
0x0000000004326000 	/System/Library/PrivateFrameworks/CoreAUC.framework/Versions/A/CoreAUC
0x0000000004326000 	/usr/lib/libspindump.dylib
0x0000000004326000 	/System/Library/PrivateFrameworks/AppleVA.framework/Versions/A/AppleVA
0x0000000004326000 	/System/Library/Frameworks/Accelerate.framework/Versions/A/Frameworks/vImage.framework/Versions/A/Libraries/libCGInterfaces.dylib
0x0000000004326000 	/System/Library/Frameworks/ApplicationServices.framework/Versions/A/Frameworks/ATS.framework/Versions/A/Resources/libTrueTypeScaler.dylib
0x0000000004326000 	/System/Library/Extensions/AppleIntelBDWGraphicsMTLDriver.bundle/Contents/MacOS/AppleIntelBDWGraphicsMTLDriver
0x0000000004326000 	/System/Library/PrivateFrameworks/GPUCompiler.framework/Versions/3902/Libraries/libmetal_timestamp.dylib
0x0000000004326000 	/System/Library/PrivateFrameworks/FamilyControls.framework/Versions/A/FamilyControls
0x0000000004326000 	/System/Library/PrivateFrameworks/CommerceKit.framework/Versions/A/Frameworks/CommerceCore.framework/Versions/A/CommerceCore
0x0000000004326000 	/System/Library/PrivateFrameworks/SystemAdministration.framework/Versions/A/SystemAdministration
0x0000000004326000 	/System/Library/PrivateFrameworks/AppContainer.framework/Versions/A/AppContainer
0x0000000004326000 	/System/Library/PrivateFrameworks/AppSandbox.framework/Versions/A/AppSandbox
0x0000000004326000 	/System/Library/PrivateFrameworks/SecCodeWrapper.framework/Versions/A/SecCodeWrapper
0x0000000004326000 	/usr/lib/libsandbox.1.dylib
0x0000000004326000 	/usr/lib/libMatch.1.dylib
0x0000000004326000 	/System/Library/PrivateFrameworks/DiskManagement.framework/Versions/A/DiskManagement
0x0000000004326000 	/System/Library/Frameworks/DirectoryService.framework/Versions/A/DirectoryService
0x0000000004326000 	/System/Library/PrivateFrameworks/DiskImages.framework/Versions/A/DiskImages
0x0000000004326000 	/System/Library/PrivateFrameworks/LoginUIKit.framework/Versions/A/Frameworks/LoginUICore.framework/Versions/A/LoginUICore
0x0000000004326000 	/usr/lib/libCoreStorage.dylib
0x0000000004326000 	/usr/lib/libcsfde.dylib
0x0000000004326000 	/usr/lib/libodfde.dylib
0x0000000004326000 	/System/Library/PrivateFrameworks/MediaKit.framework/Versions/A/MediaKit
0x0000000004326000 	/System/Library/Frameworks/DiscRecording.framework/Versions/A/DiscRecording
0x0000000004326000 	/System/Library/PrivateFrameworks/EFILogin.framework/Versions/A/EFILogin
0x0000000004326000 	/System/Library/PrivateFrameworks/ProtectedCloudStorage.framework/Versions/A/ProtectedCloudStorage
0x0000000004326000 	/usr/lib/libcurl.4.dylib
0x0000000004326000 	/usr/lib/libcrypto.42.dylib
0x0000000004326000 	/usr/lib/libssl.44.dylib
0x0000000004326000 	/System/Library/Frameworks/LDAP.framework/Versions/A/LDAP
0x0000000004326000 	/System/Library/PrivateFrameworks/TrustEvaluationAgent.framework/Versions/A/TrustEvaluationAgent
0x0000000004326000 	/usr/lib/libsasl2.2.dylib
0x0000000004326000 	/System/Library/PrivateFrameworks/CoreDaemon.framework/Versions/B/CoreDaemon
0x0000000004326000 	/System/Library/PrivateFrameworks/AppleSRP.framework/Versions/A/AppleSRP
0x0000000004326000 	/System/Library/PrivateFrameworks/ViewBridge.framework/Versions/A/ViewBridge
0x0000000004326000 	/System/Library/Frameworks/OpenGL.framework/Versions/A/Resources/GLEngine.bundle/GLEngine
0x0000000004326000 	/System/Library/Frameworks/OpenGL.framework/Versions/A/Libraries/libGLProgrammability.dylib
0x0000000004326000 	/System/Library/Extensions/AppleIntelBDWGraphicsGLDriver.bundle/Contents/MacOS/AppleIntelBDWGraphicsGLDriver
0x0000000004326000 	/System/Library/PrivateFrameworks/GPUSupport.framework/Versions/A/Libraries/libGPUSupportMercury.dylib
0x0000000004326000 	/System/Library/Frameworks/OpenGL.framework/Versions/A/Resources/GLRendererFloat.bundle/GLRendererFloat
0x0000000004326000 	/System/Library/Frameworks/OpenCL.framework/Versions/A/Libraries/libcldcpuengine.dylib
0x0000000004326000 	/usr/lib/libcrypto.35.dylib
0x000000012c333000 	/Library/Java/JavaVirtualMachines/jdk1.8.0_144.jdk/Contents/Home/jre/lib/libfontmanager.dylib
0x000000012c39a000 	/Library/Java/JavaVirtualMachines/jdk1.8.0_144.jdk/Contents/Home/jre/lib/libosxui.dylib
0x000000012cfe8000 	/usr/lib/libobjc-trampolines.dylib
0x000000012e30b000 	/Library/Java/JavaVirtualMachines/jdk1.8.0_144.jdk/Contents/Home/jre/lib/libnet.dylib
0x000000012e36a000 	/Library/Java/JavaVirtualMachines/jdk1.8.0_144.jdk/Contents/Home/jre/lib/libnio.dylib
0x000000012a037000 	/Library/Java/JavaVirtualMachines/jdk1.8.0_144.jdk/Contents/Home/jre/lib/libdcpr.dylib

VM Arguments:
jvm_args: -Dfile.encoding=UTF-8 
java_command: ticketbooking.TicketBooking
java_class_path (initial): /Users/ajmalshah/NetBeansProjects/TicketBooking/lib/absolutelayout/AbsoluteLayout.jar:/Users/ajmalshah/NetBeansProjects/TicketBooking/lib/beans-binding/beansbinding-1.2.1.jar:/Users/ajmalshah/Downloads/mysql-connector-java-8.0.13/mysql-connector-java-8.0.13/mysql-connector-java-8.0.13.jar:/Users/ajmalshah/NetBeansProjects/TicketBooking/build/classes
Launcher Type: SUN_STANDARD

Environment Variables:
PATH=/usr/bin:/bin:/usr/sbin:/sbin
LD_LIBRARY_PATH=/Library/Java/JavaVirtualMachines/jdk1.8.0_144.jdk/Contents/Home/jre/lib/amd64:/Library/Java/JavaVirtualMachines/jdk1.8.0_144.jdk/Contents/Home/jre/lib/i386:
SHELL=/bin/bash

Signal Handlers:
SIGSEGV: [libjvm.dylib+0x5b26e5], sa_mask[0]=11111111011111110111111111111111, sa_flags=SA_ONSTACK|SA_RESTART|SA_SIGINFO
SIGBUS: [libjvm.dylib+0x5b26e5], sa_mask[0]=11111111011111110111111111111111, sa_flags=SA_RESTART|SA_SIGINFO
SIGFPE: [libjvm.dylib+0x489100], sa_mask[0]=11111111011111110111111111111111, sa_flags=SA_RESTART|SA_SIGINFO
SIGPIPE: [libjvm.dylib+0x489100], sa_mask[0]=11111111011111110111111111111111, sa_flags=SA_RESTART|SA_SIGINFO
SIGXFSZ: [libjvm.dylib+0x489100], sa_mask[0]=11111111011111110111111111111111, sa_flags=SA_RESTART|SA_SIGINFO
SIGILL: [libjvm.dylib+0x489100], sa_mask[0]=11111111011111110111111111111111, sa_flags=SA_RESTART|SA_SIGINFO
SIGUSR1: SIG_DFL, sa_mask[0]=00000000000000000000000000000000, sa_flags=none
SIGUSR2: [libjvm.dylib+0x488c1e], sa_mask[0]=00100000000000000000000000000000, sa_flags=SA_RESTART|SA_SIGINFO
SIGHUP: [libjvm.dylib+0x4871f5], sa_mask[0]=11111111011111110111111111111111, sa_flags=SA_RESTART|SA_SIGINFO
SIGINT: SIG_IGN, sa_mask[0]=00000000000000000000000000000000, sa_flags=none
SIGTERM: [libjvm.dylib+0x4871f5], sa_mask[0]=11111111011111110111111111111111, sa_flags=SA_RESTART|SA_SIGINFO
SIGQUIT: [libjvm.dylib+0x4871f5], sa_mask[0]=11111111011111110111111111111111, sa_flags=SA_RESTART|SA_SIGINFO


---------------  S Y S T E M  ---------------

OS:Bsduname:Darwin 18.0.0 Darwin Kernel Version 18.0.0: Wed Aug 22 20:13:40 PDT 2018; root:xnu-4903.201.2~1/RELEASE_X86_64 x86_64
rlimit: STACK 8192k, CORE 0k, NPROC 709, NOFILE 10240, AS infinity
load average:2.82 2.97 2.62

CPU:total 4 (initial active 4) (2 cores per cpu, 2 threads per core) family 6 model 61 stepping 4, cmov, cx8, fxsr, mmx, sse, sse2, sse3, ssse3, sse4.1, sse4.2, popcnt, avx, avx2, aes, clmul, erms, 3dnowpref, lzcnt, ht, tsc, tscinvbit, bmi1, bmi2, adx

Memory: 4k page, physical 8388608k(848784k free)

/proc/meminfo:


vm_info: Java HotSpot(TM) 64-Bit Server VM (25.144-b01) for bsd-amd64 JRE (1.8.0_144-b01), built on Jul 21 2017 22:07:42 by "java_re" with gcc 4.2.1 (Based on Apple Inc. build 5658) (LLVM build 2336.11.00)

time: Sat Nov 10 19:23:17 2018
elapsed time: 2018 seconds (0d 0h 33m 38s)

